build/app/outputs/mapping/release/seeds.txt
com.akpatelbullion.MainActivity
com.akpatelbullion.MainActivity: MainActivity()
...
kotlinx.coroutines.android.AndroidDispatcherFactory: kotlinx.coroutines.MainCoroutineDispatcher createDispatcher(java.util.List)
androidx.window.embedding.ExtensionEmbeddingBackend$Companion: androidx.window.embedding.ExtensionEmbeddingBackend getInstance()
com.dexterous.flutterlocalnotifications.models.NotificationDetails: com.dexterous.flutterlocalnotifications.models.NotificationDetails from(java.util.Map)
androidx.core.graphics.drawable.IconCompat$Api28Impl: android.net.Uri getUri(java.lang.Object)
com.google.android.gms.tasks.Task: Task()
androidx.core.graphics.drawable.IconCompat$Api26Impl: android.graphics.drawable.Drawable createAdaptiveIconDrawable(android.graphics.drawable.Drawable,android.graphics.drawable.Drawable)
androidx.core.view.DisplayCutoutCompat$Api28Impl: android.view.DisplayCutout createDisplayCutout(android.graphics.Rect,java.util.List)
androidx.window.layout.WindowInfoTrackerImpl: kotlinx.coroutines.flow.Flow windowLayoutInfo(android.app.Activity)
io.flutter.embedding.engine.FlutterJNI: boolean nativeFlutterTextUtilsIsVariationSelector(int)
androidx.core.text.TextUtilsCompat$Api17Impl: int getLayoutDirectionFromLocale(java.util.Locale)
io.flutter.plugins.firebase.messaging.FlutterFirebaseMessagingBackgroundService: FlutterFirebaseMessagingBackgroundService()
androidx.window.R: R()
com.google.android.gms.measurement.AppMeasurement: long generateEventId()
io.flutter.embedding.engine.FlutterJNI: void addEngineLifecycleListener(io.flutter.embedding.engine.FlutterEngine$EngineLifecycleListener)
com.google.android.gms.internal.measurement.zzfe: zzfe()
com.google.android.gms.measurement.internal.AppMeasurementDynamiteService: void getSessionId(com.google.android.gms.internal.measurement.zzcf)
kotlinx.coroutines.JobCancellingNode: JobCancellingNode()
androidx.window.embedding.SplitController: void clearRegisteredRules()
com.google.android.gms.internal.measurement.zzgb: zzgb()
com.google.android.gms.measurement.internal.AppMeasurementDynamiteService: void setMeasurementEnabled(boolean,long)
com.google.firebase.heartbeatinfo.HeartBeatInfo$HeartBeat: com.google.firebase.heartbeatinfo.HeartBeatInfo$HeartBeat[] values()
org.chromium.support_lib_boundary.ServiceWorkerWebSettingsBoundaryInterface: void setRequestedWithHeaderOriginAllowList(java.util.Set)
kotlinx.coroutines.EventLoopImplBase: EventLoopImplBase()
io.flutter.view.AccessibilityViewEmbedder: void copyAccessibilityFields(android.view.accessibility.AccessibilityNodeInfo,android.view.accessibility.AccessibilityNodeInfo)
com.google.android.gms.measurement.internal.AppMeasurementDynamiteService: void logEventAndBundle(java.lang.String,java.lang.String,android.os.Bundle,com.google.android.gms.internal.measurement.zzcf,long)
com.google.android.gms.internal.measurement.zzcb: com.google.android.gms.internal.measurement.zzcc asInterface(android.os.IBinder)
androidx.core.app.NotificationCompat$BigPictureStyle$Api16Impl: void setBigLargeIcon(android.app.Notification$BigPictureStyle,android.graphics.Bitmap)
io.flutter.embedding.android.TransparencyMode: io.flutter.embedding.android.TransparencyMode[] values()
com.dexterous.flutterlocalnotifications.FlutterLocalNotificationsPlugin: void getNotificationChannels(io.flutter.plugin.common.MethodChannel$Result)
androidx.core.view.WindowInsetsCompat$Impl30: WindowInsetsCompat$Impl30(androidx.core.view.WindowInsetsCompat,android.view.WindowInsets)
androidx.window.embedding.SplitRuleParser: androidx.window.embedding.SplitPlaceholderRule parseSplitPlaceholderRule(android.content.Context,android.content.res.XmlResourceParser)
androidx.core.app.RemoteActionCompatParcelizer: RemoteActionCompatParcelizer()
androidx.window.embedding.SplitController: void unregisterRule(androidx.window.embedding.EmbeddingRule)
io.flutter.embedding.engine.FlutterJNI: void dispatchSemanticsAction(int,io.flutter.view.AccessibilityBridge$Action,java.lang.Object)