build/app/outputs/mapping/release/mapping.txt
# compiler: R8
# compiler_version: 3.3.70
# min_api: 19
# common_typos_disable
# {"id":"com.android.tools.r8.mapping","version":"2.0"}
# pg_map_id: 23363ef
# pg_map_hash: SHA-256 23363ef4f3510bacf089f4ec6b095c16a4bcccaa6ed8a56f895274f5cf3d9078
...
com.google.android.gms.dynamic.ObjectWrapper -> u0.b:
    java.lang.Object zza -> c
    com.google.android.gms.dynamic.IObjectWrapper wrap(java.lang.Object) -> e0
    java.lang.Object unwrap(com.google.android.gms.dynamic.IObjectWrapper) -> f
com.google.android.gms.dynamic.zzb -> u0.c:
com.google.android.gms.dynamite.DynamiteModule -> com.google.android.gms.dynamite.DynamiteModule:
    android.content.Context zzj -> a
    java.lang.Boolean zzb -> h
    java.lang.String zzc -> i
    boolean zzd -> j
    int zze -> k
    java.lang.Boolean zzf -> l
    com.google.android.gms.dynamite.DynamiteModule$VersionPolicy zza -> p
    com.google.android.gms.dynamite.DynamiteModule$VersionPolicy$IVersions zzi -> o
    java.lang.ThreadLocal zzg -> m
    com.google.android.gms.dynamite.DynamiteModule$VersionPolicy PREFER_HIGHEST_OR_LOCAL_VERSION -> e
    java.lang.ThreadLocal zzh -> n
    com.google.android.gms.dynamite.DynamiteModule$VersionPolicy PREFER_HIGHEST_OR_LOCAL_VERSION_NO_FORCE_STAGING -> f
    com.google.android.gms.dynamite.DynamiteModule$VersionPolicy PREFER_HIGHEST_OR_REMOTE_VERSION -> g
    com.google.android.gms.dynamite.zzq zzk -> q
    com.google.android.gms.dynamite.zzr zzl -> r
    com.google.android.gms.dynamite.DynamiteModule$VersionPolicy PREFER_REMOTE -> b
    com.google.android.gms.dynamite.DynamiteModule$VersionPolicy PREFER_LOCAL -> c
    com.google.android.gms.dynamite.DynamiteModule$VersionPolicy PREFER_REMOTE_VERSION_NO_FORCE_STAGING -> d
    int getLocalVersion(android.content.Context,java.lang.String) -> a
    int getRemoteVersion(android.content.Context,java.lang.String) -> b
    android.os.IBinder instantiate(java.lang.String) -> c
com.google.android.gms.dynamite.DynamiteModule$LoadingException -> com.google.android.gms.dynamite.DynamiteModule$a:
com.google.android.gms.dynamite.DynamiteModule$VersionPolicy -> com.google.android.gms.dynamite.DynamiteModule$b:
    com.google.android.gms.dynamite.DynamiteModule$VersionPolicy$SelectionResult selectModule(android.content.Context,java.lang.String,com.google.android.gms.dynamite.DynamiteModule$VersionPolicy$IVersions) -> a
com.google.android.gms.dynamite.DynamiteModule$VersionPolicy$IVersions -> com.google.android.gms.dynamite.DynamiteModule$b$a:
    int zza(android.content.Context,java.lang.String) -> a
    int zzb(android.content.Context,java.lang.String,boolean) -> b
com.google.android.gms.dynamite.DynamiteModule$VersionPolicy$SelectionResult -> com.google.android.gms.dynamite.DynamiteModule$b$b:
    int remoteVersion -> b
    int selection -> c
    int localVersion -> a
com.google.android.gms.dynamite.zza -> v0.a:
com.google.android.gms.dynamite.zzb -> v0.b:
    java.lang.Thread zzb -> b
    java.lang.ClassLoader zza -> a
    java.lang.ClassLoader zza() -> a
    java.lang.ClassLoader zzb() -> b
    java.lang.Thread zzc() -> c
com.google.android.gms.dynamite.zzc -> com.google.android.gms.dynamite.a:
com.google.android.gms.dynamite.zzd -> com.google.android.gms.dynamite.b:
com.google.android.gms.dynamite.zze -> com.google.android.gms.dynamite.c:
    int zza(android.content.Context,java.lang.String) -> a
    int zzb(android.content.Context,java.lang.String,boolean) -> b
com.google.android.gms.dynamite.zzf -> com.google.android.gms.dynamite.d:
    com.google.android.gms.dynamite.DynamiteModule$VersionPolicy$SelectionResult selectModule(android.content.Context,java.lang.String,com.google.android.gms.dynamite.DynamiteModule$VersionPolicy$IVersions) -> a
com.google.android.gms.dynamite.zzg -> com.google.android.gms.dynamite.e:
    com.google.android.gms.dynamite.DynamiteModule$VersionPolicy$SelectionResult selectModule(android.content.Context,java.lang.String,com.google.android.gms.dynamite.DynamiteModule$VersionPolicy$IVersions) -> a