build/app/outputs/mapping/release/usage.txt
com.akpatelbullion.BuildConfig
com.akpatelbullion.R$attr
com.akpatelbullion.R$color
com.akpatelbullion.R$dimen
com.akpatelbullion.R$drawable
com.akpatelbullion.R$id
com.akpatelbullion.R$integer
com.akpatelbullion.R$layout
com.akpatelbullion.R$mipmap
com.akpatelbullion.R$raw
com.akpatelbullion.R$string
com.akpatelbullion.R$style
com.akpatelbullion.R$styleable
com.akpatelbullion.R$xml
com.akpatelbullion.R
...
kotlinx.coroutines.sync.Mutex
kotlinx.coroutines.sync.MutexImpl$LockCont$tryResumeLockWaiter$1
kotlinx.coroutines.sync.MutexImpl$LockCont
kotlinx.coroutines.sync.MutexImpl$LockSelect$completeResumeLockWaiter$1
kotlinx.coroutines.sync.MutexImpl$LockSelect
kotlinx.coroutines.sync.MutexImpl$LockWaiter
kotlinx.coroutines.sync.MutexImpl$LockedQueue
kotlinx.coroutines.sync.MutexImpl$TryLockDesc$PrepareOp
kotlinx.coroutines.sync.MutexImpl$TryLockDesc
kotlinx.coroutines.sync.MutexImpl$UnlockOp
kotlinx.coroutines.sync.MutexImpl$lockSuspend$2$1$1
kotlinx.coroutines.sync.MutexImpl
kotlinx.coroutines.sync.MutexKt$withLock$1
kotlinx.coroutines.sync.MutexKt
kotlinx.coroutines.sync.Semaphore
kotlinx.coroutines.sync.SemaphoreImpl$onCancellationRelease$1
kotlinx.coroutines.sync.SemaphoreImpl
kotlinx.coroutines.sync.SemaphoreKt$withPermit$1
kotlinx.coroutines.sync.SemaphoreKt
kotlinx.coroutines.sync.SemaphoreSegment
kotlinx.coroutines.tasks.DirectExecutor
kotlinx.coroutines.tasks.TasksKt$asDeferredImpl$2
kotlinx.coroutines.tasks.TasksKt$asDeferredImpl$3
kotlinx.coroutines.tasks.TasksKt$asTask$1
kotlinx.coroutines.tasks.TasksKt$awaitImpl$2$1
kotlinx.coroutines.tasks.TasksKt$awaitImpl$2$2
kotlinx.coroutines.tasks.TasksKt
org.chromium.support_lib_boundary.util.BoundaryInterfaceReflectionUtil$InvocationHandlerWithDelegateGetter
org.chromium.support_lib_boundary.util.BoundaryInterfaceReflectionUtil:
    public static boolean containsFeature(java.lang.String[],java.lang.String)
    public static java.lang.reflect.InvocationHandler createInvocationHandlerFor(java.lang.Object)
    public static java.lang.reflect.InvocationHandler[] createInvocationHandlersForArray(java.lang.Object[])
    public static java.lang.reflect.Method dupeMethod(java.lang.reflect.Method,java.lang.ClassLoader)
    public static java.lang.Object getDelegateFromInvocationHandler(java.lang.reflect.InvocationHandler)
    public static boolean instanceOfInOwnClassLoader(java.lang.Object,java.lang.String)
org.chromium.support_lib_boundary.util.Features
org.intellij.lang.annotations.Flow
org.intellij.lang.annotations.Identifier
org.intellij.lang.annotations.JdkConstants$AdjustableOrientation
org.intellij.lang.annotations.JdkConstants$BoxLayoutAxis
org.intellij.lang.annotations.JdkConstants$CalendarMonth
org.intellij.lang.annotations.JdkConstants$CursorType
org.intellij.lang.annotations.JdkConstants$FlowLayoutAlignment
org.intellij.lang.annotations.JdkConstants$FontStyle
org.intellij.lang.annotations.JdkConstants$HorizontalAlignment
org.intellij.lang.annotations.JdkConstants$InputEventMask
org.intellij.lang.annotations.JdkConstants$ListSelectionMode
org.intellij.lang.annotations.JdkConstants$PatternFlags
org.intellij.lang.annotations.JdkConstants$TabLayoutPolicy
org.intellij.lang.annotations.JdkConstants$TabPlacement
org.intellij.lang.annotations.JdkConstants$TitledBorderJustification
org.intellij.lang.annotations.JdkConstants$TitledBorderTitlePosition
org.intellij.lang.annotations.JdkConstants$TreeSelectionMode
org.intellij.lang.annotations.JdkConstants
org.intellij.lang.annotations.Language
org.intellij.lang.annotations.MagicConstant
org.intellij.lang.annotations.Pattern
org.intellij.lang.annotations.PrintFormat
org.intellij.lang.annotations.PrintFormatPattern
org.intellij.lang.annotations.RegExp
org.intellij.lang.annotations.Subst
org.jetbrains.annotations.Contract
org.jetbrains.annotations.Nls
org.jetbrains.annotations.NonNls
org.jetbrains.annotations.NotNull
org.jetbrains.annotations.Nullable
org.jetbrains.annotations.PropertyKey
org.jetbrains.annotations.TestOnly
android.support.v4.media.MediaBrowserCompat$CustomActionCallback
android.support.v4.media.MediaBrowserCompat$CustomActionResultReceiver:
    private final java.lang.String mAction
    private final android.support.v4.media.MediaBrowserCompat$CustomActionCallback mCallback
    private final android.os.Bundle mExtras
android.support.v4.media.MediaBrowserCompat$ItemCallback